20230227 16:08:18.907 [Test worker] INFO  [SpringBootTestContextBootstrapper:305] - Neither @ContextConfiguration nor @ContextHierarchy found for test class [com.example.webrtckw.WebrtcKwApplicationTests], using SpringBootContextLoader 
20230227 16:08:18.914 [Test worker] INFO  [AbstractContextLoader:264] - Could not detect default resource locations for test class [com.example.webrtckw.WebrtcKwApplicationTests]: no resource found for suffixes {-context.xml, Context.groovy}. 
20230227 16:08:18.915 [Test worker] INFO  [AnnotationConfigContextLoaderUtils:83] - Could not detect default configuration classes for test class [com.example.webrtckw.WebrtcKwApplicationTests]: WebrtcKwApplicationTests does not declare any static, non-private, non-final, nested classes annotated with @Configuration. 
20230227 16:08:19.015 [Test worker] INFO  [SpringBootTestContextBootstrapper:238] - Found @SpringBootConfiguration com.example.webrtckw.WebrtcKwApplication for test class com.example.webrtckw.WebrtcKwApplicationTests 
20230227 16:08:19.108 [Test worker] INFO  [SpringBootTestContextBootstrapper:245] - Loaded default TestExecutionListener class names from location [META-INF/spring.factories]: [org.springframework.boot.test.autoconfigure.restdocs.RestDocsTestExecutionListener, org.springframework.boot.test.autoconfigure.web.client.MockRestServiceServerResetTestExecutionListener, org.springframework.boot.test.autoconfigure.web.servlet.MockMvcPrintOnlyOnFailureTestExecutionListener, org.springframework.boot.test.autoconfigure.web.servlet.WebDriverTestExecutionListener, org.springframework.boot.test.autoconfigure.webservices.client.MockWebServiceServerTestExecutionListener, org.springframework.boot.test.mock.mockito.MockitoTestExecutionListener, org.springframework.boot.test.mock.mockito.ResetMocksTestExecutionListener, org.springframework.test.context.web.ServletTestExecutionListener, org.springframework.test.context.support.DirtiesContextBeforeModesTestExecutionListener, org.springframework.test.context.event.ApplicationEventsTestExecutionListener, org.springframework.test.context.support.DependencyInjectionTestExecutionListener, org.springframework.test.context.support.DirtiesContextTestExecutionListener, org.springframework.test.context.transaction.TransactionalTestExecutionListener, org.springframework.test.context.jdbc.SqlScriptsTestExecutionListener, org.springframework.test.context.event.EventPublishingTestExecutionListener] 
20230227 16:08:19.120 [Test worker] INFO  [SpringBootTestContextBootstrapper:174] - Using TestExecutionListeners: [org.springframework.test.context.web.ServletTestExecutionListener@5f212d84, org.springframework.test.context.support.DirtiesContextBeforeModesTestExecutionListener@127d7908, org.springframework.test.context.event.ApplicationEventsTestExecutionListener@6b9c69a9, org.springframework.boot.test.mock.mockito.MockitoTestExecutionListener@6622a690, org.springframework.boot.test.autoconfigure.SpringBootDependencyInjectionTestExecutionListener@30b9eadd, org.springframework.test.context.support.DirtiesContextTestExecutionListener@497570fb, org.springframework.test.context.event.EventPublishingTestExecutionListener@412c995d, org.springframework.boot.test.autoconfigure.restdocs.RestDocsTestExecutionListener@3249a1ce, org.springframework.boot.test.autoconfigure.web.client.MockRestServiceServerResetTestExecutionListener@4dd94a58, org.springframework.boot.test.autoconfigure.web.servlet.MockMvcPrintOnlyOnFailureTestExecutionListener@2f4919b0, org.springframework.boot.test.autoconfigure.web.servlet.WebDriverTestExecutionListener@a8a8b75, org.springframework.boot.test.autoconfigure.webservices.client.MockWebServiceServerTestExecutionListener@75b21c3b, org.springframework.boot.test.mock.mockito.ResetMocksTestExecutionListener@72be135f] 
20230227 16:08:19.454 [Test worker] INFO  [WebrtcKwApplicationTests:55] - Starting WebrtcKwApplicationTests using Java 11.0.17 on DESKTOP-8434JHB with PID 10364 (started by USER in C:\Users\USER\Desktop\sparta\WebSocket\webrtc-kw) 
20230227 16:08:19.455 [Test worker] INFO  [WebrtcKwApplicationTests:631] - No active profile set, falling back to 1 default profile: "default" 
20230227 16:08:21.139 [Test worker] INFO  [WelcomePageHandlerMapping:57] - Adding welcome page template: index 
20230227 16:08:21.600 [Test worker] INFO  [EndpointLinksResolver:58] - Exposing 3 endpoint(s) beneath base path '/actuator' 
20230227 16:08:21.642 [Test worker] INFO  [SimpleBrokerMessageHandler:117] - Starting... 
20230227 16:08:21.642 [Test worker] INFO  [SimpleBrokerMessageHandler:117] - BrokerAvailabilityEvent[available=true, SimpleBrokerMessageHandler [org.springframework.messaging.simp.broker.DefaultSubscriptionRegistry@7d61468c]] 
20230227 16:08:21.643 [Test worker] INFO  [SimpleBrokerMessageHandler:117] - Started. 
20230227 16:08:21.653 [Test worker] INFO  [WebrtcKwApplicationTests:61] - Started WebrtcKwApplicationTests in 2.497 seconds (JVM running for 3.74) 
20230227 16:08:22.071 [SpringApplicationShutdownHook] INFO  [SimpleBrokerMessageHandler:117] - Stopping... 
20230227 16:08:22.072 [SpringApplicationShutdownHook] INFO  [SimpleBrokerMessageHandler:117] - BrokerAvailabilityEvent[available=false, SimpleBrokerMessageHandler [org.springframework.messaging.simp.broker.DefaultSubscriptionRegistry@7d61468c]] 
20230227 16:08:22.072 [SpringApplicationShutdownHook] INFO  [SimpleBrokerMessageHandler:117] - Stopped. 
20230227 18:40:51.191 [main] INFO  [WebrtcKwApplication:55] - Starting WebrtcKwApplication using Java 11.0.17 on DESKTOP-8434JHB with PID 30424 (C:\Users\USER\Desktop\sparta\WebSocket\webrtc-kw\build\classes\java\main started by USER in C:\Users\USER\Desktop\sparta\WebSocket\webrtc-kw) 
20230227 18:40:51.195 [main] INFO  [WebrtcKwApplication:631] - No active profile set, falling back to 1 default profile: "default" 
20230227 18:40:52.072 [main] INFO  [TomcatWebServer:108] - Tomcat initialized with port(s): 8080 (http) 
20230227 18:40:52.079 [main] INFO  [Http11NioProtocol:173] - Initializing ProtocolHandler ["http-nio-8080"] 
20230227 18:40:52.079 [main] INFO  [StandardService:173] - Starting service [Tomcat] 
20230227 18:40:52.080 [main] INFO  [StandardEngine:173] - Starting Servlet engine: [Apache Tomcat/9.0.71] 
20230227 18:40:52.193 [main] INFO  [[/]:173] - Initializing Spring embedded WebApplicationContext 
20230227 18:40:52.194 [main] INFO  [ServletWebServerApplicationContext:292] - Root WebApplicationContext: initialization completed in 967 ms 
20230227 18:40:52.503 [main] INFO  [WelcomePageHandlerMapping:57] - Adding welcome page template: index 
20230227 18:40:52.676 [main] INFO  [EndpointLinksResolver:58] - Exposing 4 endpoint(s) beneath base path '/actuator' 
20230227 18:40:52.692 [main] INFO  [Http11NioProtocol:173] - Starting ProtocolHandler ["http-nio-8080"] 
20230227 18:40:52.705 [main] INFO  [TomcatWebServer:220] - Tomcat started on port(s): 8080 (http) with context path '' 
20230227 18:40:52.707 [main] INFO  [SimpleBrokerMessageHandler:117] - Starting... 
20230227 18:40:52.707 [main] INFO  [SimpleBrokerMessageHandler:117] - BrokerAvailabilityEvent[available=true, SimpleBrokerMessageHandler [org.springframework.messaging.simp.broker.DefaultSubscriptionRegistry@191ec193]] 
20230227 18:40:52.707 [main] INFO  [SimpleBrokerMessageHandler:117] - Started. 
20230227 18:40:52.717 [main] INFO  [WebrtcKwApplication:61] - Started WebrtcKwApplication in 1.824 seconds (JVM running for 2.544) 
20230227 18:40:53.203 [RMI TCP Connection(2)-192.168.123.100] INFO  [[/]:173] - Initializing Spring DispatcherServlet 'dispatcherServlet' 
20230227 18:40:53.203 [RMI TCP Connection(2)-192.168.123.100] INFO  [DispatcherServlet:525] - Initializing Servlet 'dispatcherServlet' 
20230227 18:40:53.204 [RMI TCP Connection(2)-192.168.123.100] INFO  [DispatcherServlet:547] - Completed initialization in 1 ms 
20230227 18:41:52.421 [MessageBroker-1] INFO  [WebSocketMessageBrokerStats:128] - WebSocketSession[0 current WS(0)-HttpStream(0)-HttpPoll(0), 0 total, 0 closed abnormally (0 connect failure, 0 send limit, 0 transport error)], stompSubProtocol[processed CONNECT(0)-CONNECTED(0)-DISCONNECT(0)], stompBrokerRelay[null], inboundChannel[pool size = 0, active threads = 0, queued tasks = 0, completed tasks = 0], outboundChannel[pool size = 0, active threads = 0, queued tasks = 0, completed tasks = 0], sockJsScheduler[pool size = 1, active threads = 1, queued tasks = 0, completed tasks = 0] 
20230227 18:48:32.595 [SpringApplicationShutdownHook] INFO  [SimpleBrokerMessageHandler:117] - Stopping... 
20230227 18:48:32.595 [SpringApplicationShutdownHook] INFO  [SimpleBrokerMessageHandler:117] - BrokerAvailabilityEvent[available=false, SimpleBrokerMessageHandler [org.springframework.messaging.simp.broker.DefaultSubscriptionRegistry@191ec193]] 
20230227 18:48:32.595 [SpringApplicationShutdownHook] INFO  [SimpleBrokerMessageHandler:117] - Stopped. 
20230227 18:48:34.493 [main] INFO  [WebrtcKwApplication:55] - Starting WebrtcKwApplication using Java 11.0.17 on DESKTOP-8434JHB with PID 11848 (C:\Users\USER\Desktop\sparta\WebSocket\webrtc-kw\build\classes\java\main started by USER in C:\Users\USER\Desktop\sparta\WebSocket\webrtc-kw) 
20230227 18:48:34.496 [main] INFO  [WebrtcKwApplication:631] - No active profile set, falling back to 1 default profile: "default" 
20230227 18:48:35.380 [main] INFO  [TomcatWebServer:108] - Tomcat initialized with port(s): 8080 (http) 
20230227 18:48:35.387 [main] INFO  [Http11NioProtocol:173] - Initializing ProtocolHandler ["http-nio-8080"] 
20230227 18:48:35.387 [main] INFO  [StandardService:173] - Starting service [Tomcat] 
20230227 18:48:35.387 [main] INFO  [StandardEngine:173] - Starting Servlet engine: [Apache Tomcat/9.0.71] 
20230227 18:48:35.495 [main] INFO  [[/]:173] - Initializing Spring embedded WebApplicationContext 
20230227 18:48:35.495 [main] INFO  [ServletWebServerApplicationContext:292] - Root WebApplicationContext: initialization completed in 966 ms 
20230227 18:48:35.794 [main] INFO  [WelcomePageHandlerMapping:57] - Adding welcome page template: index 
20230227 18:48:35.987 [main] INFO  [EndpointLinksResolver:58] - Exposing 4 endpoint(s) beneath base path '/actuator' 
20230227 18:48:36.004 [main] INFO  [Http11NioProtocol:173] - Starting ProtocolHandler ["http-nio-8080"] 
20230227 18:48:36.016 [main] INFO  [TomcatWebServer:220] - Tomcat started on port(s): 8080 (http) with context path '' 
20230227 18:48:36.018 [main] INFO  [SimpleBrokerMessageHandler:117] - Starting... 
20230227 18:48:36.019 [main] INFO  [SimpleBrokerMessageHandler:117] - BrokerAvailabilityEvent[available=true, SimpleBrokerMessageHandler [org.springframework.messaging.simp.broker.DefaultSubscriptionRegistry@25a5c8e]] 
20230227 18:48:36.019 [main] INFO  [SimpleBrokerMessageHandler:117] - Started. 
20230227 18:48:36.029 [main] INFO  [WebrtcKwApplication:61] - Started WebrtcKwApplication in 1.877 seconds (JVM running for 2.594) 
20230227 18:48:36.378 [RMI TCP Connection(1)-192.168.123.100] INFO  [[/]:173] - Initializing Spring DispatcherServlet 'dispatcherServlet' 
20230227 18:48:36.378 [RMI TCP Connection(1)-192.168.123.100] INFO  [DispatcherServlet:525] - Initializing Servlet 'dispatcherServlet' 
20230227 18:48:36.379 [RMI TCP Connection(1)-192.168.123.100] INFO  [DispatcherServlet:547] - Completed initialization in 1 ms 
20230227 18:48:49.903 [SpringApplicationShutdownHook] INFO  [SimpleBrokerMessageHandler:117] - Stopping... 
20230227 18:48:49.903 [SpringApplicationShutdownHook] INFO  [SimpleBrokerMessageHandler:117] - BrokerAvailabilityEvent[available=false, SimpleBrokerMessageHandler [org.springframework.messaging.simp.broker.DefaultSubscriptionRegistry@25a5c8e]] 
20230227 18:48:49.903 [SpringApplicationShutdownHook] INFO  [SimpleBrokerMessageHandler:117] - Stopped. 
20230227 18:48:58.491 [Test worker] INFO  [SpringBootTestContextBootstrapper:305] - Neither @ContextConfiguration nor @ContextHierarchy found for test class [com.example.webrtckw.WebrtcKwApplicationTests], using SpringBootContextLoader 
20230227 18:48:58.499 [Test worker] INFO  [AbstractContextLoader:264] - Could not detect default resource locations for test class [com.example.webrtckw.WebrtcKwApplicationTests]: no resource found for suffixes {-context.xml, Context.groovy}. 
20230227 18:48:58.499 [Test worker] INFO  [AnnotationConfigContextLoaderUtils:83] - Could not detect default configuration classes for test class [com.example.webrtckw.WebrtcKwApplicationTests]: WebrtcKwApplicationTests does not declare any static, non-private, non-final, nested classes annotated with @Configuration. 
20230227 18:48:58.603 [Test worker] INFO  [SpringBootTestContextBootstrapper:238] - Found @SpringBootConfiguration com.example.webrtckw.WebrtcKwApplication for test class com.example.webrtckw.WebrtcKwApplicationTests 
20230227 18:48:58.694 [Test worker] INFO  [SpringBootTestContextBootstrapper:245] - Loaded default TestExecutionListener class names from location [META-INF/spring.factories]: [org.springframework.boot.test.autoconfigure.restdocs.RestDocsTestExecutionListener, org.springframework.boot.test.autoconfigure.web.client.MockRestServiceServerResetTestExecutionListener, org.springframework.boot.test.autoconfigure.web.servlet.MockMvcPrintOnlyOnFailureTestExecutionListener, org.springframework.boot.test.autoconfigure.web.servlet.WebDriverTestExecutionListener, org.springframework.boot.test.autoconfigure.webservices.client.MockWebServiceServerTestExecutionListener, org.springframework.boot.test.mock.mockito.MockitoTestExecutionListener, org.springframework.boot.test.mock.mockito.ResetMocksTestExecutionListener, org.springframework.test.context.web.ServletTestExecutionListener, org.springframework.test.context.support.DirtiesContextBeforeModesTestExecutionListener, org.springframework.test.context.event.ApplicationEventsTestExecutionListener, org.springframework.test.context.support.DependencyInjectionTestExecutionListener, org.springframework.test.context.support.DirtiesContextTestExecutionListener, org.springframework.test.context.transaction.TransactionalTestExecutionListener, org.springframework.test.context.jdbc.SqlScriptsTestExecutionListener, org.springframework.test.context.event.EventPublishingTestExecutionListener] 
20230227 18:48:58.706 [Test worker] INFO  [SpringBootTestContextBootstrapper:174] - Using TestExecutionListeners: [org.springframework.test.context.web.ServletTestExecutionListener@5f212d84, org.springframework.test.context.support.DirtiesContextBeforeModesTestExecutionListener@127d7908, org.springframework.test.context.event.ApplicationEventsTestExecutionListener@6b9c69a9, org.springframework.boot.test.mock.mockito.MockitoTestExecutionListener@6622a690, org.springframework.boot.test.autoconfigure.SpringBootDependencyInjectionTestExecutionListener@30b9eadd, org.springframework.test.context.support.DirtiesContextTestExecutionListener@497570fb, org.springframework.test.context.event.EventPublishingTestExecutionListener@412c995d, org.springframework.boot.test.autoconfigure.restdocs.RestDocsTestExecutionListener@3249a1ce, org.springframework.boot.test.autoconfigure.web.client.MockRestServiceServerResetTestExecutionListener@4dd94a58, org.springframework.boot.test.autoconfigure.web.servlet.MockMvcPrintOnlyOnFailureTestExecutionListener@2f4919b0, org.springframework.boot.test.autoconfigure.web.servlet.WebDriverTestExecutionListener@a8a8b75, org.springframework.boot.test.autoconfigure.webservices.client.MockWebServiceServerTestExecutionListener@75b21c3b, org.springframework.boot.test.mock.mockito.ResetMocksTestExecutionListener@72be135f] 
20230227 18:48:59.095 [Test worker] INFO  [WebrtcKwApplicationTests:55] - Starting WebrtcKwApplicationTests using Java 11.0.17 on DESKTOP-8434JHB with PID 36592 (started by USER in C:\Users\USER\Desktop\sparta\WebSocket\webrtc-kw) 
20230227 18:48:59.096 [Test worker] INFO  [WebrtcKwApplicationTests:631] - No active profile set, falling back to 1 default profile: "default" 
